#
# A fatal error has been detected by the Java Runtime Environment:
#
#  EXCEPTION_ACCESS_VIOLATION (0xc0000005) at pc=0x0000000002e71066, pid=10860, tid=0x0000000000001cd8
#
# JRE version: Java(TM) SE Runtime Environment (8.0_241-b07) (build 1.8.0_241-b07)
# Java VM: Java HotSpot(TM) 64-Bit Server VM (25.241-b07 mixed mode windows-amd64 compressed oops)
# Problematic frame:
# C  [OpenAL64.dll+0x11066]
#
# Failed to write core dump. Minidumps are not enabled by default on client versions of Windows
#
# If you would like to submit a bug report, please visit:
#   http://bugreport.java.com/bugreport/crash.jsp
# The crash happened outside the Java Virtual Machine in native code.
# See problematic frame for where to report the bug.
#

---------------  T H R E A D  ---------------

Current thread (0x0000000002ef6000):  JavaThread "main" [_thread_in_native, id=7384, stack(0x0000000002d60000,0x0000000002e60000)]

siginfo: ExceptionCode=0xc0000005, reading address 0x000000001ae95004

Registers:
RAX=0x0000000000020003, RBX=0x000000001c550090, RCX=0x000000001ae95008, RDX=0x000000001ae95004
RSP=0x0000000002e5cd10, RBP=0x00000000000000ff, RSI=0x000000001ae86f9c, RDI=0x0000000000000000
R8 =0x000000000000381a, R9 =0x000000001ae86f9c, R10=0x0000000003008c3b, R11=0x0000000064a3cfe0
R12=0x0000000000000001, R13=0x000000001c1d5da8, R14=0x0000000002e5ceb0, R15=0x0000000002ef6000
RIP=0x0000000002e71066, EFLAGS=0x0000000000010202

Top of Stack: (sp=0x0000000002e5cd10)
0x0000000002e5cd10:   0000000000000000 00000000185dd160
0x0000000002e5cd20:   0000000002ee7b30 0000000002ef6000
0x0000000002e5cd30:   000000001c1d5da8 0000000000000000
0x0000000002e5cd40:   0000000002ef6000 0000000002ee7b30
0x0000000002e5cd50:   000000001c1d5da8 0000000002e5ceb0
0x0000000002e5cd60:   0000000002eeef60 00000000648cc406
0x0000000002e5cd70:   0000000002e5d648 0000000002ef6b70
0x0000000002e5cd80:   0000000002ef6000 0000000002e5ceb0
0x0000000002e5cd90:   000000001c1d5da8 0000000000000000
0x0000000002e5cda0:   000000001ae86f9c 0000000000000248
0x0000000002e5cdb0:   0000000002e5ce78 0000000002e7248f
0x0000000002e5cdc0:   000000001c550090 000000001c550090
0x0000000002e5cdd0:   000000000000ac44 0000000000020003
0x0000000002e5cde0:   0000000002ff7e70 0000000003008c67
0x0000000002e5cdf0:   000000001c1d5da8 0000000002ff7e70
0x0000000002e5ce00:   0000000002ff7e70 00000000030089ab 

Instructions: (pc=0x0000000002e71066)
0x0000000002e71046:   41 2b ec 81 3a 03 00 02 00 75 09 8b 01 89 84 24
0x0000000002e71056:   c8 00 00 00 49 83 c0 02 48 83 c1 08 4a 8d 14 86
0x0000000002e71066:   39 3a 75 af 4c 8d 84 24 c0 00 00 00 48 8d 15 d7
0x0000000002e71076:   2b 03 00 33 c9 e8 58 5f 00 00 b8 40 1f 00 00 4c 


Register to memory mapping:

RAX=0x0000000000020003 is an unknown value
RBX=0x000000001c550090 is an unknown value
RCX=0x000000001ae95008 is an unknown value
RDX=0x000000001ae95004 is an unknown value
RSP=0x0000000002e5cd10 is pointing into the stack for thread: 0x0000000002ef6000
RBP=0x00000000000000ff is an unknown value
RSI=0x000000001ae86f9c is an unknown value
RDI=0x0000000000000000 is an unknown value
R8 =0x000000000000381a is an unknown value
R9 =0x000000001ae86f9c is an unknown value
R10=0x0000000003008c3b is at code_begin+891 in an Interpreter codelet
method entry point (kind = native)  [0x00000000030088c0, 0x0000000003009280]  2496 bytes
R11=0x0000000064a3cfe0 is an unknown value
R12=0x0000000000000001 is an unknown value
R13={method} {0x000000001c1d5db0} 'nalcCreateContext' '(JJ)J' in 'org/lwjgl/openal/ALC10'
R14=0x0000000002e5ceb0 is pointing into the stack for thread: 0x0000000002ef6000
R15=0x0000000002ef6000 is a thread


Stack: [0x0000000002d60000,0x0000000002e60000],  sp=0x0000000002e5cd10,  free space=1011k
Native frames: (J=compiled Java code, j=interpreted, Vv=VM code, C=native code)
C  [OpenAL64.dll+0x11066]
C  [OpenAL64.dll+0x1248f]
C  0x0000000003008c67

Java frames: (J=compiled Java code, j=interpreted, Vv=VM code)
j  org.lwjgl.openal.ALC10.nalcCreateContext(JJ)J+0
j  org.lwjgl.openal.ALC10.alcCreateContext(Lorg/lwjgl/openal/ALCdevice;Ljava/nio/IntBuffer;)Lorg/lwjgl/openal/ALCcontext;+8
j  org.lwjgl.openal.AL.init(Ljava/lang/String;IIZZ)V+69
j  org.lwjgl.openal.AL.create(Ljava/lang/String;IIZZ)V+246
j  org.lwjgl.openal.AL.create(Ljava/lang/String;IIZ)V+5
j  org.lwjgl.openal.AL.create()V+6
j  com.badlogic.gdx.backends.lwjgl.audio.OpenALAudio.<init>(III)V+114
j  com.badlogic.gdx.backends.lwjgl.LwjglApplication.<init>(Lcom/badlogic/gdx/ApplicationListener;Lcom/badlogic/gdx/backends/lwjgl/LwjglApplicationConfiguration;Lcom/badlogic/gdx/backends/lwjgl/LwjglGraphics;)V+120
j  com.badlogic.gdx.backends.lwjgl.LwjglApplication.<init>(Lcom/badlogic/gdx/ApplicationListener;Lcom/badlogic/gdx/backends/lwjgl/LwjglApplicationConfiguration;)V+11
j  org.uqbar.project.wollok.game.gameboard.WollokGDXApplication.<init>(Lorg/uqbar/project/wollok/game/gameboard/Gameboard;Ljava/lang/Boolean;)V+17
j  org.uqbar.project.wollok.game.helpers.Application.start(Lorg/uqbar/project/wollok/game/gameboard/Gameboard;Ljava/lang/Boolean;)V+5
j  org.uqbar.project.wollok.game.gameboard.Gameboard.start(Ljava/lang/Boolean;)V+13
j  wollok.game.GameObject.doStart(Ljava/lang/Boolean;)V+12
v  ~StubRoutines::call_stub
j  sun.reflect.NativeMethodAccessorImpl.invoke0(Ljava/lang/reflect/Method;Ljava/lang/Object;[Ljava/lang/Object;)Ljava/lang/Object;+0
j  sun.reflect.NativeMethodAccessorImpl.invoke(Ljava/lang/Object;[Ljava/lang/Object;)Ljava/lang/Object;+100
J 2682 C1 sun.reflect.DelegatingMethodAccessorImpl.invoke(Ljava/lang/Object;[Ljava/lang/Object;)Ljava/lang/Object; (10 bytes) @ 0x00000000038d3e44 [0x00000000038d3d40+0x104]
J 2681 C1 java.lang.reflect.Method.invoke(Ljava/lang/Object;[Ljava/lang/Object;)Ljava/lang/Object; (62 bytes) @ 0x00000000038d45ec [0x00000000038d4200+0x3ec]
j  org.uqbar.project.wollok.ui.utils.XTendUtilExtensions.invokeConvertingArgs(Ljava/lang/reflect/Method;Ljava/lang/Object;[Ljava/lang/Object;)Lorg/uqbar/project/wollok/interpreter/core/WollokObject;+261
j  org.uqbar.project.wollok.interpreter.AbstractWollokCallable._invokeNative(Ljava/lang/Object;Ljava/lang/String;[Lorg/uqbar/project/wollok/interpreter/core/WollokObject;)Lorg/uqbar/project/wollok/interpreter/core/WollokObject;+41
j  org.uqbar.project.wollok.interpreter.AbstractWollokCallable.invokeNative(Ljava/lang/Object;Ljava/lang/String;[Lorg/uqbar/project/wollok/interpreter/core/WollokObject;)Lorg/uqbar/project/wollok/interpreter/core/WollokObject;+26
j  org.uqbar.project.wollok.interpreter.AbstractWollokCallable$1.apply()Lorg/uqbar/project/wollok/interpreter/core/WollokObject;+55
j  org.uqbar.project.wollok.interpreter.AbstractWollokCallable$1.apply()Ljava/lang/Object;+1
j  org.uqbar.project.wollok.interpreter.threads.WThread.performOnStack(Lorg/eclipse/emf/ecore/EObject;Lorg/uqbar/project/wollok/interpreter/context/EvaluationContext;Lorg/eclipse/xtext/xbase/lib/Functions$Function0;)Lorg/uqbar/project/wollok/interpreter/core/WollokObject;+29
j  org.uqbar.project.wollok.interpreter.WollokInterpreter.performOnStack(Lorg/eclipse/emf/ecore/EObject;Lorg/uqbar/project/wollok/interpreter/context/EvaluationContext;Lorg/eclipse/xtext/xbase/lib/Functions$Function0;)Lorg/uqbar/project/wollok/interpreter/core/WollokObject;+7
j  org.uqbar.project.wollok.interpreter.AbstractWollokCallable.call(Lorg/uqbar/project/wollok/wollokDsl/WMethodDeclaration;[Lorg/uqbar/project/wollok/interpreter/core/WollokObject;)Lorg/uqbar/project/wollok/interpreter/core/WollokObject;+38
j  org.uqbar.project.wollok.interpreter.core.WollokObject.call(Ljava/lang/String;[Lorg/uqbar/project/wollok/interpreter/core/WollokObject;)Lorg/uqbar/project/wollok/interpreter/core/WollokObject;+55
j  org.uqbar.project.wollok.interpreter.WollokInterpreterEvaluator._evaluate(Lorg/uqbar/project/wollok/wollokDsl/WFeatureCall;)Lorg/uqbar/project/wollok/interpreter/core/WollokObject;+119
j  org.uqbar.project.wollok.launch.WollokLauncherInterpreterEvaluator.evaluate(Lorg/eclipse/emf/ecore/EObject;)Lorg/uqbar/project/wollok/interpreter/core/WollokObject;+412
J 3206 C1 org.uqbar.project.wollok.interpreter.WollokInterpreterEvaluator.evaluate(Lorg/eclipse/emf/ecore/EObject;)Ljava/lang/Object; (6 bytes) @ 0x00000000039b7dec [0x00000000039b7d80+0x6c]
j  org.uqbar.project.wollok.interpreter.WollokInterpreter.eval(Lorg/eclipse/emf/ecore/EObject;)Lorg/uqbar/project/wollok/interpreter/core/WollokObject;+63
j  org.uqbar.project.wollok.interpreter.WollokInterpreterEvaluator.eval(Lorg/eclipse/emf/ecore/EObject;)Lorg/uqbar/project/wollok/interpreter/core/WollokObject;+5
j  org.uqbar.project.wollok.interpreter.WollokInterpreterEvaluator$1.apply(Lorg/uqbar/project/wollok/interpreter/core/WollokObject;Lorg/eclipse/emf/ecore/EObject;)Lorg/uqbar/project/wollok/interpreter/core/WollokObject;+5
j  org.uqbar.project.wollok.interpreter.WollokInterpreterEvaluator$1.apply(Ljava/lang/Object;Ljava/lang/Object;)Ljava/lang/Object;+9
J 3274 C1 org.eclipse.xtext.xbase.lib.IterableExtensions.fold(Ljava/lang/Iterable;Ljava/lang/Object;Lorg/eclipse/xtext/xbase/lib/Functions$Function2;)Ljava/lang/Object; (12 bytes) @ 0x00000000039e9e7c [0x00000000039e9de0+0x9c]
j  org.uqbar.project.wollok.interpreter.WollokInterpreterEvaluator.evalAll(Ljava/lang/Iterable;)Lorg/uqbar/project/wollok/interpreter/core/WollokObject;+12
j  org.uqbar.project.wollok.interpreter.WollokInterpreterEvaluator._evaluate(Lorg/uqbar/project/wollok/wollokDsl/WBlockExpression;)Lorg/uqbar/project/wollok/interpreter/core/WollokObject;+34
j  org.uqbar.project.wollok.launch.WollokLauncherInterpreterEvaluator.evaluate(Lorg/eclipse/emf/ecore/EObject;)Lorg/uqbar/project/wollok/interpreter/core/WollokObject;+76
J 3206 C1 org.uqbar.project.wollok.interpreter.WollokInterpreterEvaluator.evaluate(Lorg/eclipse/emf/ecore/EObject;)Ljava/lang/Object; (6 bytes) @ 0x00000000039b7dec [0x00000000039b7d80+0x6c]
j  org.uqbar.project.wollok.interpreter.WollokInterpreter.eval(Lorg/eclipse/emf/ecore/EObject;)Lorg/uqbar/project/wollok/interpreter/core/WollokObject;+63
j  org.uqbar.project.wollok.interpreter.AbstractWollokCallable.eval(Lorg/eclipse/emf/ecore/EObject;)Lorg/uqbar/project/wollok/interpreter/core/WollokObject;+5
j  org.uqbar.project.wollok.interpreter.AbstractWollokCallable$1.apply()Lorg/uqbar/project/wollok/interpreter/core/WollokObject;+110
j  org.uqbar.project.wollok.interpreter.AbstractWollokCallable$1.apply()Ljava/lang/Object;+1
j  org.uqbar.project.wollok.interpreter.threads.WThread.performOnStack(Lorg/eclipse/emf/ecore/EObject;Lorg/uqbar/project/wollok/interpreter/context/EvaluationContext;Lorg/eclipse/xtext/xbase/lib/Functions$Function0;)Lorg/uqbar/project/wollok/interpreter/core/WollokObject;+29
j  org.uqbar.project.wollok.interpreter.WollokInterpreter.performOnStack(Lorg/eclipse/emf/ecore/EObject;Lorg/uqbar/project/wollok/interpreter/context/EvaluationContext;Lorg/eclipse/xtext/xbase/lib/Functions$Function0;)Lorg/uqbar/project/wollok/interpreter/core/WollokObject;+7
j  org.uqbar.project.wollok.interpreter.AbstractWollokCallable.call(Lorg/uqbar/project/wollok/wollokDsl/WMethodDeclaration;[Lorg/uqbar/project/wollok/interpreter/core/WollokObject;)Lorg/uqbar/project/wollok/interpreter/core/WollokObject;+38
j  org.uqbar.project.wollok.interpreter.core.WollokObject.call(Ljava/lang/String;[Lorg/uqbar/project/wollok/interpreter/core/WollokObject;)Lorg/uqbar/project/wollok/interpreter/core/WollokObject;+55
j  org.uqbar.project.wollok.interpreter.WollokInterpreterEvaluator._evaluate(Lorg/uqbar/project/wollok/wollokDsl/WFeatureCall;)Lorg/uqbar/project/wollok/interpreter/core/WollokObject;+119
j  org.uqbar.project.wollok.launch.WollokLauncherInterpreterEvaluator.evaluate(Lorg/eclipse/emf/ecore/EObject;)Lorg/uqbar/project/wollok/interpreter/core/WollokObject;+412
J 3206 C1 org.uqbar.project.wollok.interpreter.WollokInterpreterEvaluator.evaluate(Lorg/eclipse/emf/ecore/EObject;)Ljava/lang/Object; (6 bytes) @ 0x00000000039b7dec [0x00000000039b7d80+0x6c]
j  org.uqbar.project.wollok.interpreter.WollokInterpreter.eval(Lorg/eclipse/emf/ecore/EObject;)Lorg/uqbar/project/wollok/interpreter/core/WollokObject;+63
j  org.uqbar.project.wollok.interpreter.WollokInterpreterEvaluator.eval(Lorg/eclipse/emf/ecore/EObject;)Lorg/uqbar/project/wollok/interpreter/core/WollokObject;+5
j  org.uqbar.project.wollok.interpreter.WollokInterpreterEvaluator$1.apply(Lorg/uqbar/project/wollok/interpreter/core/WollokObject;Lorg/eclipse/emf/ecore/EObject;)Lorg/uqbar/project/wollok/interpreter/core/WollokObject;+5
j  org.uqbar.project.wollok.interpreter.WollokInterpreterEvaluator$1.apply(Ljava/lang/Object;Ljava/lang/Object;)Ljava/lang/Object;+9
j  org.eclipse.xtext.xbase.lib.IteratorExtensions.fold(Ljava/util/Iterator;Ljava/lang/Object;Lorg/eclipse/xtext/xbase/lib/Functions$Function2;)Ljava/lang/Object;+19
j  org.eclipse.xtext.xbase.lib.IterableExtensions.fold(Ljava/lang/Iterable;Ljava/lang/Object;Lorg/eclipse/xtext/xbase/lib/Functions$Function2;)Ljava/lang/Object;+8
j  org.uqbar.project.wollok.interpreter.WollokInterpreterEvaluator.evalAll(Ljava/lang/Iterable;)Lorg/uqbar/project/wollok/interpreter/core/WollokObject;+12
j  org.uqbar.project.wollok.interpreter.WollokInterpreterEvaluator._evaluate(Lorg/uqbar/project/wollok/wollokDsl/WProgram;)Lorg/uqbar/project/wollok/interpreter/core/WollokObject;+18
j  org.uqbar.project.wollok.launch.WollokLauncherInterpreterEvaluator.evaluate(Lorg/eclipse/emf/ecore/EObject;)Lorg/uqbar/project/wollok/interpreter/core/WollokObject;+444
j  org.uqbar.project.wollok.interpreter.WollokInterpreterEvaluator.evaluate(Lorg/eclipse/emf/ecore/EObject;)Ljava/lang/Object;+2
j  org.uqbar.project.wollok.interpreter.WollokInterpreter.eval(Lorg/eclipse/emf/ecore/EObject;)Lorg/uqbar/project/wollok/interpreter/core/WollokObject;+63
j  org.uqbar.project.wollok.interpreter.WollokInterpreterEvaluator.eval(Lorg/eclipse/emf/ecore/EObject;)Lorg/uqbar/project/wollok/interpreter/core/WollokObject;+5
j  org.uqbar.project.wollok.launch.WollokLauncherInterpreterEvaluator._evaluate(Lorg/uqbar/project/wollok/wollokDsl/WFile;)Lorg/uqbar/project/wollok/interpreter/core/WollokObject;+32
j  org.uqbar.project.wollok.launch.WollokLauncherInterpreterEvaluator.evaluate(Lorg/eclipse/emf/ecore/EObject;)Lorg/uqbar/project/wollok/interpreter/core/WollokObject;+428
j  org.uqbar.project.wollok.interpreter.WollokInterpreterEvaluator.evaluate(Lorg/eclipse/emf/ecore/EObject;)Ljava/lang/Object;+2
j  org.uqbar.project.wollok.interpreter.WollokInterpreter.interpret(Lorg/eclipse/emf/ecore/EObject;Ljava/lang/Boolean;)Lorg/uqbar/project/wollok/interpreter/core/WollokObject;+25
j  org.uqbar.project.wollok.interpreter.WollokInterpreter.interpret(Lorg/eclipse/emf/ecore/EObject;)Lorg/uqbar/project/wollok/interpreter/core/WollokObject;+8
j  org.uqbar.project.wollok.launch.WollokLauncher.doSomething(Lorg/uqbar/project/wollok/wollokDsl/WFile;Lcom/google/inject/Injector;Ljava/io/File;Lorg/uqbar/project/wollok/launch/WollokLauncherParameters;)V+109
j  org.uqbar.project.wollok.launch.WollokChecker.launch(Ljava/lang/String;Lorg/uqbar/project/wollok/launch/WollokLauncherParameters;)V+31
j  org.uqbar.project.wollok.launch.WollokChecker.doMain([Ljava/lang/String;)V+205
j  org.uqbar.project.wollok.launch.WollokLauncher.main([Ljava/lang/String;)V+8
v  ~StubRoutines::call_stub

---------------  P R O C E S S  ---------------

Java Threads: ( => current thread )
  0x000000001995f800 JavaThread "com.google.inject.internal.util.$Finalizer" daemon [_thread_blocked, id=13692, stack(0x000000001a450000,0x000000001a550000)]
  0x00000000193b1000 JavaThread "EMF Reference Cleaner" daemon [_thread_blocked, id=13572, stack(0x000000001a150000,0x000000001a250000)]
  0x000000001694c000 JavaThread "Service Thread" daemon [_thread_blocked, id=3416, stack(0x0000000018780000,0x0000000018880000)]
  0x0000000016948000 JavaThread "C1 CompilerThread2" daemon [_thread_blocked, id=5336, stack(0x0000000018280000,0x0000000018380000)]
  0x0000000016907800 JavaThread "C2 CompilerThread1" daemon [_thread_blocked, id=5632, stack(0x0000000018180000,0x0000000018280000)]
  0x00000000168f5800 JavaThread "C2 CompilerThread0" daemon [_thread_blocked, id=10280, stack(0x0000000018080000,0x0000000018180000)]
  0x00000000168f3800 JavaThread "Attach Listener" daemon [_thread_blocked, id=10192, stack(0x0000000017f80000,0x0000000018080000)]
  0x00000000168f2000 JavaThread "Signal Dispatcher" daemon [_thread_blocked, id=13492, stack(0x0000000017e80000,0x0000000017f80000)]
  0x00000000168e0000 JavaThread "Finalizer" daemon [_thread_blocked, id=14316, stack(0x0000000017b60000,0x0000000017c60000)]
  0x0000000002fe5800 JavaThread "Reference Handler" daemon [_thread_blocked, id=10752, stack(0x0000000017a60000,0x0000000017b60000)]
=>0x0000000002ef6000 JavaThread "main" [_thread_in_native, id=7384, stack(0x0000000002d60000,0x0000000002e60000)]

Other Threads:
  0x00000000168b8800 VMThread [stack: 0x0000000017960000,0x0000000017a60000] [id=5228]
  0x000000001694d800 WatcherThread [stack: 0x0000000018880000,0x0000000018980000] [id=7144]

VM state:not at safepoint (normal execution)

VM Mutex/Monitor currently owned by a thread: None

heap address: 0x00000000a0c00000, size: 1524 MB, Compressed Oops mode: 32-bit
Narrow klass base: 0x0000000000000000, Narrow klass shift: 3
Compressed class space size: 1073741824 Address: 0x0000000100000000

Heap:
 PSYoungGen      total 112128K, used 1928K [0x00000000e0400000, 0x00000000e8100000, 0x0000000100000000)
  eden space 98304K, 1% used [0x00000000e0400000,0x00000000e05e21a8,0x00000000e6400000)
  from space 13824K, 0% used [0x00000000e7380000,0x00000000e7380000,0x00000000e8100000)
  to   space 14848K, 0% used [0x00000000e6400000,0x00000000e6400000,0x00000000e7280000)
 ParOldGen       total 77824K, used 26156K [0x00000000a0c00000, 0x00000000a5800000, 0x00000000e0400000)
  object space 77824K, 33% used [0x00000000a0c00000,0x00000000a258b3a8,0x00000000a5800000)
 Metaspace       used 20977K, capacity 21240K, committed 21504K, reserved 1069056K
  class space    used 2683K, capacity 2752K, committed 2816K, reserved 1048576K

Card table byte_map: [0x00000000123b0000,0x00000000126b0000] byte_map_base: 0x0000000011eaa000

Marking Bits: (ParMarkBitMap*) 0x000000006503be30
 Begin Bits: [0x0000000012cb0000, 0x0000000014480000)
 End Bits:   [0x0000000014480000, 0x0000000015c50000)

Polling page: 0x0000000002cc0000

CodeCache: size=245760Kb used=10575Kb max_used=10597Kb free=235184Kb
 bounds [0x0000000002ff0000, 0x0000000003a50000, 0x0000000011ff0000]
 total_blobs=3802 nmethods=3359 adapters=354
 compilation: enabled

Compilation events (10 events):
Event: 3.123 Thread 0x0000000016948000 nmethod 3357 0x0000000003a3fcd0 code [0x0000000003a3fe20, 0x0000000003a3ff70]
Event: 3.124 Thread 0x0000000016948000 3359       3       java.nio.DirectByteBuffer::put (18 bytes)
Event: 3.124 Thread 0x0000000016948000 nmethod 3359 0x0000000003a3f7d0 code [0x0000000003a3f940, 0x0000000003a3fbb0]
Event: 3.124 Thread 0x0000000016948000 3360       1       java.nio.DirectByteBuffer::ix (10 bytes)
Event: 3.124 Thread 0x0000000016948000 nmethod 3360 0x0000000003a3f510 code [0x0000000003a3f660, 0x0000000003a3f770]
Event: 3.125 Thread 0x0000000016907800 nmethod 3348 0x0000000003a44210 code [0x0000000003a443a0, 0x0000000003a44c68]
Event: 3.125 Thread 0x00000000168f5800 nmethod 3350 0x0000000003a45210 code [0x0000000003a45360, 0x0000000003a45828]
Event: 3.130 Thread 0x0000000016948000 3361       3       java.io.WinNTFileSystem::normalize (143 bytes)
Event: 3.131 Thread 0x0000000016948000 nmethod 3361 0x0000000003a43450 code [0x0000000003a43640, 0x0000000003a43e68]
Event: 3.136 Thread 0x0000000016907800 3362   !   4       java.lang.ClassLoader::loadClass (122 bytes)

GC Heap History (10 events):
Event: 1.090 GC heap before
{Heap before GC invocations=3 (full 0):
 PSYoungGen      total 28672K, used 28669K [0x00000000e0400000, 0x00000000e3c00000, 0x0000000100000000)
  eden space 24576K, 100% used [0x00000000e0400000,0x00000000e1c00000,0x00000000e1c00000)
  from space 4096K, 99% used [0x00000000e2000000,0x00000000e23ff4f0,0x00000000e2400000)
  to   space 4096K, 0% used [0x00000000e1c00000,0x00000000e1c00000,0x00000000e2000000)
 ParOldGen       total 65536K, used 3430K [0x00000000a0c00000, 0x00000000a4c00000, 0x00000000e0400000)
  object space 65536K, 5% used [0x00000000a0c00000,0x00000000a0f598d8,0x00000000a4c00000)
 Metaspace       used 9316K, capacity 9416K, committed 9728K, reserved 1058816K
  class space    used 1139K, capacity 1172K, committed 1280K, reserved 1048576K
Event: 1.096 GC heap after
Heap after GC invocations=3 (full 0):
 PSYoungGen      total 28672K, used 4080K [0x00000000e0400000, 0x00000000e3c00000, 0x0000000100000000)
  eden space 24576K, 0% used [0x00000000e0400000,0x00000000e0400000,0x00000000e1c00000)
  from space 4096K, 99% used [0x00000000e1c00000,0x00000000e1ffc020,0x00000000e2000000)
  to   space 4096K, 0% used [0x00000000e3800000,0x00000000e3800000,0x00000000e3c00000)
 ParOldGen       total 65536K, used 8358K [0x00000000a0c00000, 0x00000000a4c00000, 0x00000000e0400000)
  object space 65536K, 12% used [0x00000000a0c00000,0x00000000a1429a68,0x00000000a4c00000)
 Metaspace       used 9316K, capacity 9416K, committed 9728K, reserved 1058816K
  class space    used 1139K, capacity 1172K, committed 1280K, reserved 1048576K
}
Event: 1.377 GC heap before
{Heap before GC invocations=4 (full 0):
 PSYoungGen      total 28672K, used 28656K [0x00000000e0400000, 0x00000000e3c00000, 0x0000000100000000)
  eden space 24576K, 100% used [0x00000000e0400000,0x00000000e1c00000,0x00000000e1c00000)
  from space 4096K, 99% used [0x00000000e1c00000,0x00000000e1ffc020,0x00000000e2000000)
  to   space 4096K, 0% used [0x00000000e3800000,0x00000000e3800000,0x00000000e3c00000)
 ParOldGen       total 65536K, used 8358K [0x00000000a0c00000, 0x00000000a4c00000, 0x00000000e0400000)
  object space 65536K, 12% used [0x00000000a0c00000,0x00000000a1429a68,0x00000000a4c00000)
 Metaspace       used 11660K, capacity 11796K, committed 12160K, reserved 1060864K
  class space    used 1497K, capacity 1558K, committed 1664K, reserved 1048576K
Event: 1.383 GC heap after
Heap after GC invocations=4 (full 0):
 PSYoungGen      total 53248K, used 4064K [0x00000000e0400000, 0x00000000e3c00000, 0x0000000100000000)
  eden space 49152K, 0% used [0x00000000e0400000,0x00000000e0400000,0x00000000e3400000)
  from space 4096K, 99% used [0x00000000e3800000,0x00000000e3bf8030,0x00000000e3c00000)
  to   space 4096K, 0% used [0x00000000e3400000,0x00000000e3400000,0x00000000e3800000)
 ParOldGen       total 65536K, used 13888K [0x00000000a0c00000, 0x00000000a4c00000, 0x00000000e0400000)
  object space 65536K, 21% used [0x00000000a0c00000,0x00000000a1990390,0x00000000a4c00000)
 Metaspace       used 11660K, capacity 11796K, committed 12160K, reserved 1060864K
  class space    used 1497K, capacity 1558K, committed 1664K, reserved 1048576K
}
Event: 2.212 GC heap before
{Heap before GC invocations=5 (full 0):
 PSYoungGen      total 53248K, used 53216K [0x00000000e0400000, 0x00000000e3c00000, 0x0000000100000000)
  eden space 49152K, 100% used [0x00000000e0400000,0x00000000e3400000,0x00000000e3400000)
  from space 4096K, 99% used [0x00000000e3800000,0x00000000e3bf8030,0x00000000e3c00000)
  to   space 4096K, 0% used [0x00000000e3400000,0x00000000e3400000,0x00000000e3800000)
 ParOldGen       total 65536K, used 13888K [0x00000000a0c00000, 0x00000000a4c00000, 0x00000000e0400000)
  object space 65536K, 21% used [0x00000000a0c00000,0x00000000a1990390,0x00000000a4c00000)
 Metaspace       used 18195K, capacity 18440K, committed 18688K, reserved 1064960K
  class space    used 2406K, capacity 2506K, committed 2560K, reserved 1048576K
Event: 2.226 GC heap after
Heap after GC invocations=5 (full 0):
 PSYoungGen      total 53248K, used 4080K [0x00000000e0400000, 0x00000000e8300000, 0x0000000100000000)
  eden space 49152K, 0% used [0x00000000e0400000,0x00000000e0400000,0x00000000e3400000)
  from space 4096K, 99% used [0x00000000e3400000,0x00000000e37fc020,0x00000000e3800000)
  to   space 15872K, 0% used [0x00000000e7380000,0x00000000e7380000,0x00000000e8300000)
 ParOldGen       total 65536K, used 24246K [0x00000000a0c00000, 0x00000000a4c00000, 0x00000000e0400000)
  object space 65536K, 36% used [0x00000000a0c00000,0x00000000a23ad908,0x00000000a4c00000)
 Metaspace       used 18195K, capacity 18440K, committed 18688K, reserved 1064960K
  class space    used 2406K, capacity 2506K, committed 2560K, reserved 1048576K
}
Event: 3.039 GC heap before
{Heap before GC invocations=6 (full 0):
 PSYoungGen      total 53248K, used 44117K [0x00000000e0400000, 0x00000000e8300000, 0x0000000100000000)
  eden space 49152K, 81% used [0x00000000e0400000,0x00000000e2b19658,0x00000000e3400000)
  from space 4096K, 99% used [0x00000000e3400000,0x00000000e37fc020,0x00000000e3800000)
  to   space 15872K, 0% used [0x00000000e7380000,0x00000000e7380000,0x00000000e8300000)
 ParOldGen       total 65536K, used 24246K [0x00000000a0c00000, 0x00000000a4c00000, 0x00000000e0400000)
  object space 65536K, 36% used [0x00000000a0c00000,0x00000000a23ad908,0x00000000a4c00000)
 Metaspace       used 20864K, capacity 21112K, committed 21248K, reserved 1067008K
  class space    used 2667K, capacity 2752K, committed 2816K, reserved 1048576K
Event: 3.048 GC heap after
Heap after GC invocations=6 (full 0):
 PSYoungGen      total 112128K, used 8080K [0x00000000e0400000, 0x00000000e8100000, 0x0000000100000000)
  eden space 98304K, 0% used [0x00000000e0400000,0x00000000e0400000,0x00000000e6400000)
  from space 13824K, 58% used [0x00000000e7380000,0x00000000e7b641f8,0x00000000e8100000)
  to   space 14848K, 0% used [0x00000000e6400000,0x00000000e6400000,0x00000000e7280000)
 ParOldGen       total 65536K, used 24254K [0x00000000a0c00000, 0x00000000a4c00000, 0x00000000e0400000)
  object space 65536K, 37% used [0x00000000a0c00000,0x00000000a23af908,0x00000000a4c00000)
 Metaspace       used 20864K, capacity 21112K, committed 21248K, reserved 1067008K
  class space    used 2667K, capacity 2752K, committed 2816K, reserved 1048576K
}
Event: 3.048 GC heap before
{Heap before GC invocations=7 (full 1):
 PSYoungGen      total 112128K, used 8080K [0x00000000e0400000, 0x00000000e8100000, 0x0000000100000000)
  eden space 98304K, 0% used [0x00000000e0400000,0x00000000e0400000,0x00000000e6400000)
  from space 13824K, 58% used [0x00000000e7380000,0x00000000e7b641f8,0x00000000e8100000)
  to   space 14848K, 0% used [0x00000000e6400000,0x00000000e6400000,0x00000000e7280000)
 ParOldGen       total 65536K, used 24254K [0x00000000a0c00000, 0x00000000a4c00000, 0x00000000e0400000)
  object space 65536K, 37% used [0x00000000a0c00000,0x00000000a23af908,0x00000000a4c00000)
 Metaspace       used 20864K, capacity 21112K, committed 21248K, reserved 1067008K
  class space    used 2667K, capacity 2752K, committed 2816K, reserved 1048576K
Event: 3.119 GC heap after
Heap after GC invocations=7 (full 1):
 PSYoungGen      total 112128K, used 0K [0x00000000e0400000, 0x00000000e8100000, 0x0000000100000000)
  eden space 98304K, 0% used [0x00000000e0400000,0x00000000e0400000,0x00000000e6400000)
  from space 13824K, 0% used [0x00000000e7380000,0x00000000e7380000,0x00000000e8100000)
  to   space 14848K, 0% used [0x00000000e6400000,0x00000000e6400000,0x00000000e7280000)
 ParOldGen       total 77824K, used 26156K [0x00000000a0c00000, 0x00000000a5800000, 0x00000000e0400000)
  object space 77824K, 33% used [0x00000000a0c00000,0x00000000a258b3a8,0x00000000a5800000)
 Metaspace       used 20864K, capacity 21112K, committed 21248K, reserved 1067008K
  class space    used 2667K, capacity 2752K, committed 2816K, reserved 1048576K
}

Deoptimization events (10 events):
Event: 2.346 Thread 0x0000000002ef6000 Uncommon trap: reason=bimorphic action=maybe_recompile pc=0x00000000035a2c44 method=org.eclipse.emf.common.util.AbstractEList$EIterator.next()Ljava/lang/Object; @ 1
Event: 2.348 Thread 0x0000000002ef6000 Uncommon trap: reason=unstable_if action=reinterpret pc=0x000000000378b8b0 method=org.antlr.runtime.CommonTokenStream.consume()V @ 13
Event: 2.537 Thread 0x0000000002ef6000 Uncommon trap: reason=unstable_if action=reinterpret pc=0x0000000003526794 method=java.util.concurrent.ConcurrentHashMap.putVal(Ljava/lang/Object;Ljava/lang/Object;Z)Ljava/lang/Object; @ 181
Event: 2.625 Thread 0x0000000002ef6000 Uncommon trap: reason=bimorphic action=maybe_recompile pc=0x00000000038f98e0 method=com.google.common.collect.AbstractIterator.tryToComputeNext()Z @ 9
Event: 2.625 Thread 0x0000000002ef6000 Uncommon trap: reason=bimorphic action=maybe_recompile pc=0x00000000038f98e0 method=com.google.common.collect.AbstractIterator.tryToComputeNext()Z @ 9
Event: 2.625 Thread 0x0000000002ef6000 Uncommon trap: reason=bimorphic action=maybe_recompile pc=0x00000000038f98e0 method=com.google.common.collect.AbstractIterator.tryToComputeNext()Z @ 9
Event: 2.626 Thread 0x0000000002ef6000 Uncommon trap: reason=bimorphic action=maybe_recompile pc=0x00000000038f98e0 method=com.google.common.collect.AbstractIterator.tryToComputeNext()Z @ 9
Event: 2.879 Thread 0x0000000002ef6000 Uncommon trap: reason=unstable_if action=reinterpret pc=0x0000000003986a74 method=java.io.WinNTFileSystem.normalize(Ljava/lang/String;)Ljava/lang/String; @ 49
Event: 3.008 Thread 0x0000000002ef6000 Uncommon trap: reason=unstable_if action=reinterpret pc=0x00000000031cb3c8 method=java.lang.ThreadLocal$ThreadLocalMap.getEntry(Ljava/lang/ThreadLocal;)Ljava/lang/ThreadLocal$ThreadLocalMap$Entry; @ 29
Event: 3.024 Thread 0x0000000002ef6000 Uncommon trap: reason=unstable_if action=reinterpret pc=0x0000000003a33730 method=sun.security.provider.DigestBase.engineUpdate([BII)V @ 35

Classes redefined (0 events):
No events

Internal exceptions (10 events):
Event: 2.405 Thread 0x0000000002ef6000 Exception <a 'java/io/FileNotFoundException'> (0x00000000e0b78200) thrown at [C:\ade\jenkins\workspace\8-2-build-windows-amd64-cygwin\jdk8u241\331\hotspot\src\share\vm\prims\jni.cpp, line 710]
Event: 2.644 Thread 0x0000000002ef6000 Exception <a 'java/lang/reflect/InvocationTargetException'> (0x00000000e18d04a0) thrown at [C:\ade\jenkins\workspace\8-2-build-windows-amd64-cygwin\jdk8u241\331\hotspot\src\share\vm\runtime\reflection.cpp, line 1092]
Event: 2.646 Thread 0x0000000002ef6000 Exception <a 'java/lang/reflect/InvocationTargetException'> (0x00000000e18ec860) thrown at [C:\ade\jenkins\workspace\8-2-build-windows-amd64-cygwin\jdk8u241\331\hotspot\src\share\vm\runtime\reflection.cpp, line 1092]
Event: 2.647 Thread 0x0000000002ef6000 Exception <a 'java/lang/reflect/InvocationTargetException'> (0x00000000e1908d30) thrown at [C:\ade\jenkins\workspace\8-2-build-windows-amd64-cygwin\jdk8u241\331\hotspot\src\share\vm\runtime\reflection.cpp, line 1092]
Event: 3.130 Thread 0x0000000002ef6000 Exception <a 'java/security/PrivilegedActionException'> (0x00000000e0444dc8) thrown at [C:\ade\jenkins\workspace\8-2-build-windows-amd64-cygwin\jdk8u241\331\hotspot\src\share\vm\prims\jvm.cpp, line 1502]
Event: 3.130 Thread 0x0000000002ef6000 Exception <a 'java/security/PrivilegedActionException'> (0x00000000e04462f8) thrown at [C:\ade\jenkins\workspace\8-2-build-windows-amd64-cygwin\jdk8u241\331\hotspot\src\share\vm\prims\jvm.cpp, line 1502]
Event: 3.131 Thread 0x0000000002ef6000 Exception <a 'java/security/PrivilegedActionException'> (0x00000000e0447728) thrown at [C:\ade\jenkins\workspace\8-2-build-windows-amd64-cygwin\jdk8u241\331\hotspot\src\share\vm\prims\jvm.cpp, line 1502]
Event: 3.131 Thread 0x0000000002ef6000 Exception <a 'java/security/PrivilegedActionException'> (0x00000000e0448de8) thrown at [C:\ade\jenkins\workspace\8-2-build-windows-amd64-cygwin\jdk8u241\331\hotspot\src\share\vm\prims\jvm.cpp, line 1502]
Event: 3.131 Thread 0x0000000002ef6000 Exception <a 'java/security/PrivilegedActionException'> (0x00000000e044a1e0) thrown at [C:\ade\jenkins\workspace\8-2-build-windows-amd64-cygwin\jdk8u241\331\hotspot\src\share\vm\prims\jvm.cpp, line 1502]
Event: 3.131 Thread 0x0000000002ef6000 Exception <a 'java/security/PrivilegedActionException'> (0x00000000e044b5a8) thrown at [C:\ade\jenkins\workspace\8-2-build-windows-amd64-cygwin\jdk8u241\331\hotspot\src\share\vm\prims\jvm.cpp, line 1502]

Events (10 events):
Event: 3.159 loading class org/lwjgl/openal/ALCdevice
Event: 3.159 loading class org/lwjgl/openal/ALCdevice done
Event: 3.159 loading class org/lwjgl/openal/ALCcontext
Event: 3.159 loading class org/lwjgl/openal/ALCcontext done
Event: 3.160 loading class java/nio/DirectIntBufferU
Event: 3.160 loading class java/nio/DirectIntBufferU done
Event: 3.160 loading class org/lwjgl/openal/Util
Event: 3.160 loading class org/lwjgl/openal/Util done
Event: 3.161 loading class org/lwjgl/openal/OpenALException
Event: 3.161 loading class org/lwjgl/openal/OpenALException done


Dynamic libraries:
0x00007ff7fb380000 - 0x00007ff7fb3b7000 	C:\Program Files\Java\jre1.8.0_241\bin\javaw.exe
0x00007fffca770000 - 0x00007fffca965000 	C:\WINDOWS\SYSTEM32\ntdll.dll
0x00007fff8f580000 - 0x00007fff8f596000 	C:\Program Files\AVAST Software\Avast\aswhook.dll
0x00007fffca370000 - 0x00007fffca42e000 	C:\WINDOWS\System32\KERNEL32.DLL
0x00007fffc7e90000 - 0x00007fffc8158000 	C:\WINDOWS\System32\KERNELBASE.dll
0x00007fffc9010000 - 0x00007fffc90be000 	C:\WINDOWS\System32\ADVAPI32.dll
0x00007fffc8ca0000 - 0x00007fffc8d3e000 	C:\WINDOWS\System32\msvcrt.dll
0x00007fffca060000 - 0x00007fffca0fc000 	C:\WINDOWS\System32\sechost.dll
0x00007fffc9290000 - 0x00007fffc93b5000 	C:\WINDOWS\System32\RPCRT4.dll
0x00007fffc90f0000 - 0x00007fffc9290000 	C:\WINDOWS\System32\USER32.dll
0x00007fffc8270000 - 0x00007fffc8292000 	C:\WINDOWS\System32\win32u.dll
0x00007fffc90c0000 - 0x00007fffc90ea000 	C:\WINDOWS\System32\GDI32.dll
0x00007fffc82d0000 - 0x00007fffc83db000 	C:\WINDOWS\System32\gdi32full.dll
0x00007fffc8160000 - 0x00007fffc81fd000 	C:\WINDOWS\System32\msvcp_win.dll
0x00007fffc83e0000 - 0x00007fffc84e0000 	C:\WINDOWS\System32\ucrtbase.dll
0x00007fffb0ad0000 - 0x00007fffb0d6a000 	C:\WINDOWS\WinSxS\amd64_microsoft.windows.common-controls_6595b64144ccf1df_6.0.19041.1110_none_60b5254171f9507e\COMCTL32.dll
0x00007fffca6e0000 - 0x00007fffca710000 	C:\WINDOWS\System32\IMM32.DLL
0x0000000065310000 - 0x00000000653e2000 	C:\Program Files\Java\jre1.8.0_241\bin\msvcr100.dll
0x0000000064810000 - 0x00000000650bc000 	C:\Program Files\Java\jre1.8.0_241\bin\server\jvm.dll
0x00007fffca300000 - 0x00007fffca308000 	C:\WINDOWS\System32\PSAPI.DLL
0x00007fffae6c0000 - 0x00007fffae6c9000 	C:\WINDOWS\SYSTEM32\WSOCK32.dll
0x00007fffca670000 - 0x00007fffca6db000 	C:\WINDOWS\System32\WS2_32.dll
0x00007fffc09d0000 - 0x00007fffc09f7000 	C:\WINDOWS\SYSTEM32\WINMM.dll
0x00007fffbe7a0000 - 0x00007fffbe7aa000 	C:\WINDOWS\SYSTEM32\VERSION.dll
0x00007fffc2a60000 - 0x00007fffc2a6f000 	C:\Program Files\Java\jre1.8.0_241\bin\verify.dll
0x00007fffaa350000 - 0x00007fffaa379000 	C:\Program Files\Java\jre1.8.0_241\bin\java.dll
0x00007fffaa330000 - 0x00007fffaa346000 	C:\Program Files\Java\jre1.8.0_241\bin\zip.dll
0x00007fffc9900000 - 0x00007fffca044000 	C:\WINDOWS\System32\SHELL32.dll
0x00007fffc5fd0000 - 0x00007fffc6764000 	C:\WINDOWS\SYSTEM32\windows.storage.dll
0x00007fffc9470000 - 0x00007fffc97c4000 	C:\WINDOWS\System32\combase.dll
0x00007fffc7900000 - 0x00007fffc792c000 	C:\WINDOWS\SYSTEM32\Wldp.dll
0x00007fffc93c0000 - 0x00007fffc946d000 	C:\WINDOWS\System32\SHCORE.dll
0x00007fffca610000 - 0x00007fffca665000 	C:\WINDOWS\System32\shlwapi.dll
0x00007fffc7dd0000 - 0x00007fffc7def000 	C:\WINDOWS\SYSTEM32\profapi.dll
0x0000000065580000 - 0x0000000065616000 	C:\Users\Admin\AppData\Local\Temp\libgdxAdmin\12dfaa03\gdx64.dll
0x00007fffc7850000 - 0x00007fffc7868000 	C:\WINDOWS\SYSTEM32\CRYPTSP.dll
0x00007fffc6f70000 - 0x00007fffc6fa4000 	C:\WINDOWS\system32\rsaenh.dll
0x00007fffc82a0000 - 0x00007fffc82c7000 	C:\WINDOWS\System32\bcrypt.dll
0x00007fffc7d90000 - 0x00007fffc7dbe000 	C:\WINDOWS\SYSTEM32\USERENV.dll
0x00007fffc8690000 - 0x00007fffc8712000 	C:\WINDOWS\System32\bcryptprimitives.dll
0x00007fffc7870000 - 0x00007fffc787c000 	C:\WINDOWS\SYSTEM32\CRYPTBASE.dll
0x00007fffaa260000 - 0x00007fffaa27a000 	C:\Program Files\Java\jre1.8.0_241\bin\net.dll
0x00007fffc7660000 - 0x00007fffc76ca000 	C:\WINDOWS\system32\mswsock.dll
0x00007fffc7300000 - 0x00007fffc733b000 	C:\WINDOWS\SYSTEM32\IPHLPAPI.DLL
0x00007fffca570000 - 0x00007fffca578000 	C:\WINDOWS\System32\NSI.dll
0x00007fffc0900000 - 0x00007fffc0917000 	C:\WINDOWS\SYSTEM32\dhcpcsvc6.DLL
0x00007fffbfb00000 - 0x00007fffbfb1d000 	C:\WINDOWS\SYSTEM32\dhcpcsvc.DLL
0x00007fffc7340000 - 0x00007fffc740b000 	C:\WINDOWS\SYSTEM32\DNSAPI.dll
0x00007fffaa240000 - 0x00007fffaa252000 	C:\Program Files\Java\jre1.8.0_241\bin\nio.dll
0x0000000180000000 - 0x0000000180053000 	C:\Users\Admin\AppData\Local\Temp\libgdxAdmin\dc0f0009\lwjgl64.dll
0x00007fff87130000 - 0x00007fff87256000 	C:\WINDOWS\SYSTEM32\OPENGL32.dll
0x00007fffaf160000 - 0x00007fffaf18c000 	C:\WINDOWS\SYSTEM32\GLU32.dll
0x0000000002e60000 - 0x0000000002ec4000 	C:\Users\Admin\AppData\Local\Temp\libgdxAdmin\dc0f0009\OpenAL64.dll
0x00007fffca100000 - 0x00007fffca22a000 	C:\WINDOWS\System32\ole32.dll
0x00007fffc5dd0000 - 0x00007fffc5de2000 	C:\WINDOWS\SYSTEM32\kernel.appcore.dll
0x00007fffc58f0000 - 0x00007fffc598e000 	C:\WINDOWS\system32\uxtheme.dll
0x00007fffc97d0000 - 0x00007fffc9879000 	C:\WINDOWS\System32\clbcatq.dll
0x00007fff9f990000 - 0x00007fff9fa2c000 	C:\WINDOWS\SYSTEM32\dsound.dll
0x00007fffc7410000 - 0x00007fffc745b000 	C:\WINDOWS\SYSTEM32\powrprof.dll
0x00007fff8d910000 - 0x00007fff8d936000 	C:\WINDOWS\SYSTEM32\winmmbase.dll
0x00007fffc72e0000 - 0x00007fffc72f2000 	C:\WINDOWS\SYSTEM32\UMPDC.dll
0x00007fffb65d0000 - 0x00007fffb6655000 	C:\WINDOWS\System32\MMDevApi.dll
0x00007fffc7c40000 - 0x00007fffc7c6c000 	C:\WINDOWS\System32\DEVOBJ.dll
0x00007fffc8640000 - 0x00007fffc868e000 	C:\WINDOWS\System32\cfgmgr32.dll
0x00007fff9a370000 - 0x00007fff9a4f2000 	C:\WINDOWS\SYSTEM32\AUDIOSES.DLL
0x00007fffca230000 - 0x00007fffca2fd000 	C:\WINDOWS\System32\OLEAUT32.dll
0x00007fffb7230000 - 0x00007fffb7414000 	C:\WINDOWS\SYSTEM32\dbghelp.dll

VM Arguments:
jvm_args: -Duser.language=es_AR -Dfile.encoding=UTF-8 
java_command: org.uqbar.project.wollok.launch.WollokLauncher -requestsPort 0 -eventsPort 0 -folder -dontValidate -wf src/lamomiapolimorfica.wpgm
java_class_path (initial): C:\Users\Admin\git\wollok_game_losMomia\bin;C:\Users\Admin\Desktop\wollok-win32.win32.x86_64\plugins\com.ibm.icu_64.2.0.v20190507-1337.jar;C:\Users\Admin\Desktop\wollok-win32.win32.x86_64\plugins\org.eclipse.xtext_2.20.0.v20191202-0915.jar;C:\Users\Admin\Desktop\wollok-win32.win32.x86_64\plugins\org.eclipse.emf.ecore.xmi_2.16.0.v20190528-0725.jar;C:\Users\Admin\Desktop\wollok-win32.win32.x86_64\plugins\org.eclipse.emf.ecore_2.20.0.v20190920-0401.jar;C:\Users\Admin\Desktop\wollok-win32.win32.x86_64\plugins\org.eclipse.emf.common_2.17.0.v20190920-0401.jar;C:\Users\Admin\Desktop\wollok-win32.win32.x86_64\plugins\org.antlr.runtime_3.2.0.v201101311130.jar;C:\Users\Admin\Desktop\wollok-win32.win32.x86_64\plugins\com.google.inject_3.0.0.v201605172100.jar;C:\Users\Admin\Desktop\wollok-win32.win32.x86_64\plugins\org.eclipse.emf.mwe.core_1.5.1.v20191121-1148.jar;C:\Users\Admin\Desktop\wollok-win32.win32.x86_64\plugins\org.apache.commons.cli_1.2.0.v201404270220.jar;C:\Users\Admin\Desktop\wollok-win32.win32.x86_64\plugins\org.eclipse.emf.mwe2.runtime_2.11.1.v20191121-1148.jar;C:\Users\Admin\Desktop\wollok-win32.win32.x86_64\plugins\org.eclipse.emf.mwe.utils_1.5.1.v20191121-1148.jar;C:\Users\Admin\Desktop\wollok-win32.win32.x86_64\plugins\org.eclipse.xtext.util_2.20.0.v20191202-0915.jar;C:\Users\Admin\Desktop\wollok-win32.win32.x86_64\plugins\com.google.guava_27.1.0.v20190517-1946.jar;C:\Users\Admin\Desktop\wollok-win32.win32.x86_64\plugins\javax.inject_1.0.0.v20091030.jar;C:\Users\Admin\Desktop\wollok-win32.win32.x86_64\plugins\org.eclipse.xtext.generator_2.20.0.v20191202-0933.jar;C:\Users\Admin\Desktop\wollok-win32.win32.x86_64\plugins\org.eclipse.xtext.xtext.generator_2.20.0.v20191202-0915.jar;C:\Users\Admin\Desktop\wollok-win32.win32.x86_64\plugins\org.eclipse.xtext.xbase.lib_2.20.0.v20191202-0907.jar;C:\Users\Admin\Desktop\wollok-win32.win32.x86_64\plugins\org.eclipse.emf.codegen.ecore_2.20.0.v20191012-0918.jar;C:\Users\Admin\Desktop\wollok-win3
Launcher Type: SUN_STANDARD

Environment Variables:
PATH=C:/Program Files/Java/jre1.8.0_241/bin/server;C:/Program Files/Java/jre1.8.0_241/bin;C:/Program Files/Java/jre1.8.0_241/lib/amd64;C:\ProgramData\Oracle\Java\javapath;C:\Program Files (x86)\Common Files\Oracle\Java\javapath;C:\Windows\system32;C:\Windows;C:\Windows\System32\Wbem;C:\Windows\System32\WindowsPowerShell\v1.0\;C:\Windows\System32\OpenSSH\;C:\Program Files (x86)\NVIDIA Corporation\PhysX\Common;C:\Program Files\NVIDIA Corporation\NVIDIA NvDLISR;C:\WINDOWS\system32;C:\WINDOWS;C:\WINDOWS\System32\Wbem;C:\WINDOWS\System32\WindowsPowerShell\v1.0\;C:\WINDOWS\System32\OpenSSH\;C:\Program Files\Microsoft Network Monitor 3\;C:\Program Files (x86)\Windows Live\Shared;C:\Program Files\dotnet\;C:\Program Files\Git\cmd;C:\Users\Admin\AppData\Local\Programs\Python\Python310\Scripts\;C:\Users\Admin\AppData\Local\Programs\Python\Python310\;C:\Users\Admin\AppData\Local\Microsoft\WindowsApps;;C:\Users\Admin\AppData\Local\Programs\Microsoft VS Code\bin;C:\Users\Admin\Desktop\wollok-win32.win32.x86_64;
USERNAME=Admin
OS=Windows_NT
PROCESSOR_IDENTIFIER=Intel64 Family 6 Model 58 Stepping 9, GenuineIntel



---------------  S Y S T E M  ---------------

OS: Windows 10.0 , 64 bit Build 19041 (10.0.19041.1645)

CPU:total 4 (initial active 4) (4 cores per cpu, 1 threads per core) family 6 model 58 stepping 9, cmov, cx8, fxsr, mmx, sse, sse2, sse3, ssse3, sse4.1, sse4.2, popcnt, avx, aes, clmul, erms, tsc, tscinvbit, tscinv

Memory: 4k page, physical 6234984k(641676k free), swap 12002152k(3296320k free)

vm_info: Java HotSpot(TM) 64-Bit Server VM (25.241-b07) for windows-amd64 JRE (1.8.0_241-b07), built on Dec 11 2019 10:21:40 by "rejava" with MS VC++ 10.0 (VS2010)

time: Thu May 05 13:24:10 2022
timezone: Hora estándar de Argentina
elapsed time: 3 seconds (0d 0h 0m 3s)

